Arguments: 
  /home/luis/.nvm/versions/node/v15.12.0/bin/node /usr/share/yarn/bin/yarn.js init

PATH: 
  /home/luis/.vscode-server/bin/507ce72a4466fbb27b715c3722558bb15afa9f48/bin:/home/luis/.zinit/polaris/sbin:/home/luis/.zinit/polaris/bin:/home/luis/.zinit/polaris/usr/sbin:/home/luis/.zinit/polaris/usr/bin:/home/luis/.nvm/versions/node/v15.12.0/bin:/usr/local/sbin:/usr/local/bin:/usr/sbin:/usr/bin:/sbin:/bin:/usr/games:/usr/local/games:/mnt/c/Program Files/Alacritty/:/mnt/c/WINDOWS/system32:/mnt/c/WINDOWS:/mnt/c/WINDOWS/System32/Wbem:/mnt/c/WINDOWS/System32/WindowsPowerShell/v1.0/:/mnt/c/WINDOWS/System32/OpenSSH/:/mnt/c/Program Files/Calibre2/:/mnt/c/ProgramData/chocolatey/bin:/mnt/c/Program Files/nodejs/:/mnt/c/MinGW/bin:/mnt/c/Users/Administrador/Desktop/FFMPEG/bin:/mnt/c/Program Files/MongoDB/Server/4.4/bin:/mnt/c/Program Files/dotnet/:/mnt/c/Program Files/Git/cmd:/mnt/c/Users/Administrador/scoop/shims:/mnt/c/Program Files/MySQL/MySQL Shell 8.0/bin/:/mnt/c/Users/Administrador/AppData/Local/Programs/Python/Python38/Scripts/:/mnt/c/Users/Administrador/AppData/Local/Programs/Python/Python38/:/mnt/c/Users/Administrador/AppData/Local/Microsoft/WindowsApps:/mnt/c/Users/Administrador/AppData/Local/Programs/Microsoft VS Code/bin:/mnt/c/Program Files/JetBrains/WebStorm 2019.3.2/bin:/mnt/c/Users/Administrador/AppData/Roaming/npm:/mnt/c/tools/neovim/Neovim/bin:/mnt/c/Users/Administrador/AppData/Local/hyper/app-3.0.2/resources/bin:/mnt/c/Users/Administrador/Desktop/FFMPEG:/mnt/c/Users/Administrador/Desktop/FFMPEG/bin:/home/luis/.yarn/bin:/home/luis/.fzf/bin:/home/luis/.yarn/bin

Yarn version: 
  1.22.5

Node version: 
  15.12.0

Platform: 
  linux x64

Trace: 
  Error: canceled
      at Interface.<anonymous> (/usr/share/yarn/lib/cli.js:137009:13)
      at Interface.emit (node:events:369:20)
      at Interface._ttyWrite (node:readline:973:16)
      at ReadStream.onkeypress (node:readline:259:10)
      at ReadStream.emit (node:events:369:20)
      at emitKeys (node:internal/readline/utils:358:14)
      at emitKeys.next (<anonymous>)
      at ReadStream.onData (node:readline:1242:36)
      at ReadStream.emit (node:events:369:20)
      at addChunk (node:internal/streams/readable:313:12)

npm manifest: 
  No manifest

yarn manifest: 
  No manifest

Lockfile: 
  No lockfile
